# JRE version: Java(TM) SE Runtime Environment (8.0_66-b17) (build 1.8.0_66-b17)
# Java VM: Java HotSpot(TM) 64-Bit Server VM (25.66-b17 mixed mode linux-amd64 compressed oops)
Heap:
 PSYoungGen      total 988160K, used 124813K [0x000000076cb00000, 0x00000007c0000000, 0x00000007c0000000)
  eden space 804864K, 0% used [0x000000076cb00000,0x000000076cb00000,0x000000079dd00000)
  from space 183296K, 68% used [0x00000007b4d00000,0x00000007bc6e34d0,0x00000007c0000000)
  to   space 280064K, 0% used [0x000000079dd00000,0x000000079dd00000,0x00000007aee80000)
 ParOldGen       total 634880K, used 634410K [0x00000006c6000000, 0x00000006ecc00000, 0x000000076cb00000)
  object space 634880K, 99% used [0x00000006c6000000,0x00000006ecb8aa60,0x00000006ecc00000)
 Metaspace       used 73042K, capacity 77983K, committed 78356K, reserved 1107968K
  class space    used 16972K, capacity 18887K, committed 19004K, reserved 1048576K
GC Heap History (10 events):
Event: 860.407 GC heap after
Heap after GC invocations=53 (full 6):
 PSYoungGen      total 1218048K, used 112620K [0x000000076cb00000, 0x00000007c0000000, 0x00000007c0000000)
  eden space 1105408K, 0% used [0x000000076cb00000,0x000000076cb00000,0x00000007b0280000)
  from space 112640K, 99% used [0x00000007b0280000,0x00000007b707b208,0x00000007b7080000)
  to   space 146944K, 0% used [0x00000007b7080000,0x00000007b7080000,0x00000007c0000000)
 ParOldGen       total 425984K, used 392420K [0x00000006c6000000, 0x00000006e0000000, 0x000000076cb00000)
  object space 425984K, 92% used [0x00000006c6000000,0x00000006ddf39318,0x00000006e0000000)
 Metaspace       used 73018K, capacity 77981K, committed 78100K, reserved 1107968K
  class space    used 16973K, capacity 18888K, committed 19004K, reserved 1048576K
}
Event: 860.409 GC heap before
{Heap before GC invocations=54 (full 7):
 PSYoungGen      total 1218048K, used 112620K [0x000000076cb00000, 0x00000007c0000000, 0x00000007c0000000)
  eden space 1105408K, 0% used [0x000000076cb00000,0x000000076cb00000,0x00000007b0280000)
  from space 112640K, 99% used [0x00000007b0280000,0x00000007b707b208,0x00000007b7080000)
  to   space 146944K, 0% used [0x00000007b7080000,0x00000007b7080000,0x00000007c0000000)
 ParOldGen       total 425984K, used 392420K [0x00000006c6000000, 0x00000006e0000000, 0x000000076cb00000)
  object space 425984K, 92% used [0x00000006c6000000,0x00000006ddf39318,0x00000006e0000000)
 Metaspace       used 73018K, capacity 77981K, committed 78100K, reserved 1107968K
  class space    used 16973K, capacity 18888K, committed 19004K, reserved 1048576K
Event: 861.399 GC heap after
Heap after GC invocations=54 (full 7):
 PSYoungGen      total 1218048K, used 77138K [0x000000076cb00000, 0x00000007c0000000, 0x00000007c0000000)
  eden space 1105408K, 0% used [0x000000076cb00000,0x000000076cb00000,0x00000007b0280000)
  from space 112640K, 68% used [0x00000007b0280000,0x00000007b4dd4a30,0x00000007b7080000)
  to   space 146944K, 0% used [0x00000007b7080000,0x00000007b7080000,0x00000007c0000000)
 ParOldGen       total 634880K, used 425964K [0x00000006c6000000, 0x00000006ecc00000, 0x000000076cb00000)
  object space 634880K, 67% used [0x00000006c6000000,0x00000006dfffb000,0x00000006ecc00000)
 Metaspace       used 73015K, capacity 77975K, committed 78100K, reserved 1107968K
  class space    used 16972K, capacity 18887K, committed 19004K, reserved 1048576K
}
Event: 862.104 GC heap before
{Heap before GC invocations=55 (full 7):
 PSYoungGen      total 1218048K, used 1182546K [0x000000076cb00000, 0x00000007c0000000, 0x00000007c0000000)
  eden space 1105408K, 100% used [0x000000076cb00000,0x00000007b0280000,0x00000007b0280000)
  from space 112640K, 68% used [0x00000007b0280000,0x00000007b4dd4a30,0x00000007b7080000)
  to   space 146944K, 0% used [0x00000007b7080000,0x00000007b7080000,0x00000007c0000000)
 ParOldGen       total 634880K, used 425964K [0x00000006c6000000, 0x00000006ecc00000, 0x000000076cb00000)
  object space 634880K, 67% used [0x00000006c6000000,0x00000006dfffb000,0x00000006ecc00000)
 Metaspace       used 73039K, capacity 77983K, committed 78356K, reserved 1107968K
  class space    used 16972K, capacity 18887K, committed 19004K, reserved 1048576K
Event: 862.184 GC heap after
Heap after GC invocations=55 (full 7):
 PSYoungGen      total 1145344K, used 146938K [0x000000076cb00000, 0x00000007c0000000, 0x00000007c0000000)
  eden space 998400K, 0% used [0x000000076cb00000,0x000000076cb00000,0x00000007a9a00000)
  from space 146944K, 99% used [0x00000007b7080000,0x00000007bfffe9c0,0x00000007c0000000)
  to   space 183296K, 0% used [0x00000007a9a00000,0x00000007a9a00000,0x00000007b4d00000)
 ParOldGen       total 634880K, used 450129K [0x00000006c6000000, 0x00000006ecc00000, 0x000000076cb00000)
  object space 634880K, 70% used [0x00000006c6000000,0x00000006e1794660,0x00000006ecc00000)
 Metaspace       used 73039K, capacity 77983K, committed 78356K, reserved 1107968K
  class space    used 16972K, capacity 18887K, committed 19004K, reserved 1048576K
}
Event: 862.490 GC heap before
{Heap before GC invocations=56 (full 7):
 PSYoungGen      total 1145344K, used 1145338K [0x000000076cb00000, 0x00000007c0000000, 0x00000007c0000000)
  eden space 998400K, 100% used [0x000000076cb00000,0x00000007a9a00000,0x00000007a9a00000)
  from space 146944K, 99% used [0x00000007b7080000,0x00000007bfffe9c0,0x00000007c0000000)
  to   space 183296K, 0% used [0x00000007a9a00000,0x00000007a9a00000,0x00000007b4d00000)
 ParOldGen       total 634880K, used 450129K [0x00000006c6000000, 0x00000006ecc00000, 0x000000076cb00000)
  object space 634880K, 70% used [0x00000006c6000000,0x00000006e1794660,0x00000006ecc00000)
 Metaspace       used 73041K, capacity 77983K, committed 78356K, reserved 1107968K
  class space    used 16972K, capacity 18887K, committed 19004K, reserved 1048576K
Event: 862.530 GC heap after
Heap after GC invocations=56 (full 7):
 PSYoungGen      total 1181696K, used 183274K [0x000000076cb00000, 0x00000007c0000000, 0x00000007c0000000)
  eden space 998400K, 0% used [0x000000076cb00000,0x000000076cb00000,0x00000007a9a00000)
  from space 183296K, 99% used [0x00000007a9a00000,0x00000007b4cfa810,0x00000007b4d00000)
  to   space 183296K, 0% used [0x00000007b4d00000,0x00000007b4d00000,0x00000007c0000000)
 ParOldGen       total 634880K, used 460838K [0x00000006c6000000, 0x00000006ecc00000, 0x000000076cb00000)
  object space 634880K, 72% used [0x00000006c6000000,0x00000006e2209af8,0x00000006ecc00000)
 Metaspace       used 73041K, capacity 77983K, committed 78356K, reserved 1107968K
  class space    used 16972K, capacity 18887K, committed 19004K, reserved 1048576K
}
Event: 863.005 GC heap before
{Heap before GC invocations=57 (full 7):
 PSYoungGen      total 1181696K, used 1181674K [0x000000076cb00000, 0x00000007c0000000, 0x00000007c0000000)
  eden space 998400K, 100% used [0x000000076cb00000,0x00000007a9a00000,0x00000007a9a00000)
  from space 183296K, 99% used [0x00000007a9a00000,0x00000007b4cfa810,0x00000007b4d00000)
  to   space 183296K, 0% used [0x00000007b4d00000,0x00000007b4d00000,0x00000007c0000000)
 ParOldGen       total 634880K, used 460838K [0x00000006c6000000, 0x00000006ecc00000, 0x000000076cb00000)
  object space 634880K, 72% used [0x00000006c6000000,0x00000006e2209af8,0x00000006ecc00000)
 Metaspace       used 73042K, capacity 77983K, committed 78356K, reserved 1107968K
  class space    used 16972K, capacity 18887K, committed 19004K, reserved 1048576K
Event: 863.118 GC heap after
Heap after GC invocations=57 (full 7):
 PSYoungGen      total 988160K, used 183267K [0x000000076cb00000, 0x00000007c0000000, 0x00000007c0000000)
  eden space 804864K, 0% used [0x000000076cb00000,0x000000076cb00000,0x000000079dd00000)
  from space 183296K, 99% used [0x00000007b4d00000,0x00000007bfff8c88,0x00000007c0000000)
  to   space 280064K, 0% used [0x000000079dd00000,0x000000079dd00000,0x00000007aee80000)
 ParOldGen       total 634880K, used 576597K [0x00000006c6000000, 0x00000006ecc00000, 0x000000076cb00000)
  object space 634880K, 90% used [0x00000006c6000000,0x00000006e9315420,0x00000006ecc00000)
 Metaspace       used 73042K, capacity 77983K, committed 78356K, reserved 1107968K
  class space    used 16972K, capacity 18887K, committed 19004K, reserved 1048576K
}
Event: 863.120 GC heap before
{Heap before GC invocations=58 (full 8):
 PSYoungGen      total 988160K, used 183267K [0x000000076cb00000, 0x00000007c0000000, 0x00000007c0000000)
  eden space 804864K, 0% used [0x000000076cb00000,0x000000076cb00000,0x000000079dd00000)
  from space 183296K, 99% used [0x00000007b4d00000,0x00000007bfff8c88,0x00000007c0000000)
  to   space 280064K, 0% used [0x000000079dd00000,0x000000079dd00000,0x00000007aee80000)
 ParOldGen       total 634880K, used 576597K [0x00000006c6000000, 0x00000006ecc00000, 0x000000076cb00000)
  object space 634880K, 90% used [0x00000006c6000000,0x00000006e9315420,0x00000006ecc00000)
 Metaspace       used 73042K, capacity 77983K, committed 78356K, reserved 1107968K
  class space    used 16972K, capacity 18887K, committed 19004K, reserved 1048576K

